<?xml version="1.0" encoding="UTF-8"?>
<records xmlns:ns0="http://www.loc.gov/mods/v3">
    <ns0:mods xmlns:ns0="http://www.loc.gov/mods/v3"
        xmlns:xsi="http://www.w3.org/2001/XMLSchema-instance"
        xsi:schemaLocation="http://www.loc.gov/mods/v3 https://www.loc.gov/standards/mods/v3/mods-3-7.xsd">
        <ns0:identifier type="uri">http://kalliope-verbund.info/DE-2498-HS00079074</ns0:identifier>
        <ns0:recordInfo>
            <ns0:recordIdentifier source="DE-611">DE-2498-HS00079074</ns0:recordIdentifier>
            <ns0:recordContentSource authority="marcorg">Deutsches Literaturarchiv Marbach,
                Archiv</ns0:recordContentSource>
        </ns0:recordInfo>
        <ns0:relatedItem>
            <ns0:identifier type="localparentid">DE-2498-BF00000730</ns0:identifier>
            <ns0:identifier type="uri">http://kalliope-verbund.info/DE-2498-BF00000730</ns0:identifier>
            <ns0:titleInfo>
                <ns0:title>A:Schnitzler, Arthur - [Bestand, Teilnachlass]</ns0:title>
            </ns0:titleInfo>
        </ns0:relatedItem>
        <ns0:typeOfResource manuscript="yes">text</ns0:typeOfResource>
        <ns0:name type="personal" authority="GND" valueURI="http://d-nb.info/gnd/118609807">
            <ns0:namePart>Schnitzler, Arthur (1862-1931)</ns0:namePart>
            <ns0:role>
                <ns0:roleTerm type="code" authority="marcrelator">aut</ns0:roleTerm>
                <ns0:roleTerm>author</ns0:roleTerm>
            </ns0:role>
        </ns0:name>
        <ns0:titleInfo>
            <ns0:title>Schnitzler, Arthur: Der Geist im Wort und der Geist in der Tat [Prosa]
                (Drucktitel)</ns0:title>
        </ns0:titleInfo>
        <ns0:originInfo>
            <ns0:dateCreated encoding="w3cdtf">1915/1923</ns0:dateCreated>
        </ns0:originInfo>
        <ns0:language>
            <ns0:languageTerm authority="iso639-2b">ger</ns0:languageTerm>
            <ns0:languageTerm type="text">Deutsch</ns0:languageTerm>
        </ns0:language>
        <ns0:location>
            <ns0:shelfLocator>, Mappe A014</ns0:shelfLocator>
        </ns0:location>
        <ns0:location>
            <ns0:url note="Katalogeintrag im OPAC des DLA"
                >http://www.dla-marbach.de/kallias/aDISWeb/hs/index.html?ADISDB=HS&amp;WEB=JA&amp;ADISOI=00079074</ns0:url>
        </ns0:location>
        <ns0:physicalDescription>
            <ns0:extent>1 Mappe</ns0:extent>
        </ns0:physicalDescription>
    </ns0:mods>
    <ns0:mods xmlns:ns0="http://www.loc.gov/mods/v3"
        xmlns:xsi="http://www.w3.org/2001/XMLSchema-instance"
        xsi:schemaLocation="http://www.loc.gov/mods/v3 https://www.loc.gov/standards/mods/v3/mods-3-7.xsd">
        <ns0:identifier type="uri">http://kalliope-verbund.info/DE-2498-HS00069192</ns0:identifier>
        <ns0:recordInfo>
            <ns0:recordIdentifier source="DE-611">DE-2498-HS00069192</ns0:recordIdentifier>
            <ns0:recordContentSource authority="marcorg">Deutsches Literaturarchiv Marbach,
                Archiv</ns0:recordContentSource>
        </ns0:recordInfo>
        <ns0:relatedItem>
            <ns0:identifier type="localparentid">DE-2498-BF00000730</ns0:identifier>
            <ns0:identifier type="uri">http://kalliope-verbund.info/DE-2498-BF00000730</ns0:identifier>
            <ns0:titleInfo>
                <ns0:title>A:Schnitzler, Arthur - [Bestand, Teilnachlass]</ns0:title>
            </ns0:titleInfo>
        </ns0:relatedItem>
        <ns0:typeOfResource manuscript="yes">text</ns0:typeOfResource>
        <ns0:name type="personal" authority="GND" valueURI="http://d-nb.info/gnd/116848510">
            <ns0:namePart>Schnitzler, Heinrich (1902-1982)</ns0:namePart>
            <ns0:role>
                <ns0:roleTerm type="code" authority="marcrelator">aut</ns0:roleTerm>
                <ns0:roleTerm>author</ns0:roleTerm>
            </ns0:role>
        </ns0:name>
        <ns0:name type="personal" authority="GND" valueURI="http://d-nb.info/gnd/118609807">
            <ns0:namePart>Schnitzler, Arthur (1862-1931)</ns0:namePart>
            <ns0:role>
                <ns0:roleTerm type="code" authority="marcrelator">rcp</ns0:roleTerm>
                <ns0:roleTerm>addressee</ns0:roleTerm>
            </ns0:role>
        </ns0:name>
        <ns0:titleInfo>
            <ns0:title>Schnitzler, Heinrich an Schnitzler, Arthur [Briefe]</ns0:title>
        </ns0:titleInfo>
        <ns0:originInfo>
            <ns0:dateCreated encoding="w3cdtf">1931-05-06/1931-10-17</ns0:dateCreated>
        </ns0:originInfo>
        <ns0:language>
            <ns0:languageTerm authority="iso639-2b">ger</ns0:languageTerm>
            <ns0:languageTerm type="text">Deutsch</ns0:languageTerm>
        </ns0:language>
        <ns0:location>
            <ns0:shelfLocator>, Mappe 1194</ns0:shelfLocator>
        </ns0:location>
        <ns0:location>
            <ns0:url note="Katalogeintrag im OPAC des DLA"
                >http://www.dla-marbach.de/kallias/aDISWeb/hs/index.html?ADISDB=HS&amp;WEB=JA&amp;ADISOI=00069192</ns0:url>
        </ns0:location>
        <ns0:physicalDescription>
            <ns0:extent>19 Br., davon 1 Vis.kte, 7 Ktn, 2 Tel. 52 Bl. Mit 28 Abschr.</ns0:extent>
        </ns0:physicalDescription>
    </ns0:mods>
    <ns0:mods xmlns:ns0="http://www.loc.gov/mods/v3"
        xmlns:xsi="http://www.w3.org/2001/XMLSchema-instance"
        xsi:schemaLocation="http://www.loc.gov/mods/v3 https://www.loc.gov/standards/mods/v3/mods-3-7.xsd">
        <ns0:identifier type="uri">http://kalliope-verbund.info/DE-2498-HS00069417</ns0:identifier>
        <ns0:recordInfo>
            <ns0:recordIdentifier source="DE-611">DE-2498-HS00069417</ns0:recordIdentifier>
            <ns0:recordContentSource authority="marcorg">Deutsches Literaturarchiv Marbach,
                Archiv</ns0:recordContentSource>
        </ns0:recordInfo>
        <ns0:relatedItem>
            <ns0:identifier type="localparentid">DE-2498-HS00069416</ns0:identifier>
            <ns0:identifier type="uri">http://kalliope-verbund.info/DE-2498-HS00069416</ns0:identifier>
            <ns0:titleInfo>
                <ns0:title>A:Schnitzler, Arthur - [Bestand, Teilnachlass] - Schnitzler, Helene an
                    Schnitzler, Arthur [Briefe]</ns0:title>
            </ns0:titleInfo>
        </ns0:relatedItem>
        <ns0:typeOfResource manuscript="yes">text</ns0:typeOfResource>
        <ns0:name type="personal" authority="GND" valueURI="http://d-nb.info/gnd/116848693">
            <ns0:namePart>Schnitzler, Julius (1865-1939)</ns0:namePart>
            <ns0:role>
                <ns0:roleTerm type="code" authority="marcrelator">aut</ns0:roleTerm>
                <ns0:roleTerm>author</ns0:roleTerm>
            </ns0:role>
        </ns0:name>
        <ns0:name type="personal" authority="GND" valueURI="http://d-nb.info/gnd/118609807">
            <ns0:namePart>Schnitzler, Arthur (1862-1931)</ns0:namePart>
            <ns0:role>
                <ns0:roleTerm type="code" authority="marcrelator">rcp</ns0:roleTerm>
                <ns0:roleTerm>addressee</ns0:roleTerm>
            </ns0:role>
        </ns0:name>
        <ns0:titleInfo>
            <ns0:title>Schnitzler, Julius an Schnitzler, Arthur [Briefe]</ns0:title>
        </ns0:titleInfo>
        <ns0:originInfo>
            <ns0:dateCreated encoding="w3cdtf">1896-08-15</ns0:dateCreated>
        </ns0:originInfo>
        <ns0:language>
            <ns0:languageTerm authority="iso639-2b">ger</ns0:languageTerm>
            <ns0:languageTerm type="text">Deutsch</ns0:languageTerm>
        </ns0:language>
        <ns0:location>
            <ns0:url note="Katalogeintrag im OPAC des DLA"
                >http://www.dla-marbach.de/kallias/aDISWeb/hs/index.html?ADISDB=HS&amp;WEB=JA&amp;ADISOI=00069417</ns0:url>
        </ns0:location>
    </ns0:mods>
</records>